[2016-05-06 17:33:03] slim-app.INFO: Slim-Skeleton '/' route [] {"uid":"4b2834d"}
[2016-05-06 17:33:07] slim-app.INFO: Slim-Skeleton '/' route [] {"uid":"5013234"}
[2016-05-06 17:33:39] slim-app.INFO: Slim-Skeleton '/' route [] {"uid":"7f3821e"}
[2016-05-06 17:35:02] gamerecommend.INFO: Slim-Skeleton '/' route [] {"uid":"1ff8592"}
[2016-05-06 17:38:03] gamerecommend.INFO: gamerecommend '/' route [] {"uid":"464fbde"}
[2016-05-06 17:50:19] gamerecommend.INFO: gamerecommend '/' route [] {"uid":"9f08a79"}
[2016-05-06 17:50:41] gamerecommend.INFO: gamerecommend '/' route [] {"uid":"3984ee7"}
[2016-05-06 17:50:59] gamerecommend.INFO: gamerecommend '/' route [] {"uid":"2f3a6b6"}
[2016-05-06 17:56:07] gamerecommend.INFO: gamerecommend '/' route [] {"uid":"de0351c"}
[2016-05-06 17:56:08] gamerecommend.INFO: gamerecommend '/' route [] {"uid":"41f024c"}
[2016-05-06 17:57:01] gamerecommend.INFO: gamerecommend '/' route [] {"uid":"2d25560"}
[2016-05-06 17:58:18] gamerecommend.INFO: gamerecommend '/' route [] {"uid":"bd71acb"}
[2016-05-06 18:01:05] gamerecommend.INFO: gamerecommend '/' route [] {"uid":"ba43bff"}
[2016-05-06 18:01:55] gamerecommend.INFO: gamerecommend '/' route [] {"uid":"a880360"}
[2016-05-06 18:01:56] gamerecommend.INFO: gamerecommend '/' route [] {"uid":"0d8a746"}
[2016-05-06 18:01:56] gamerecommend.INFO: gamerecommend '/' route [] {"uid":"6b8f247"}
[2016-05-06 18:02:31] gamerecommend.INFO: gamerecommend '/' route [] {"uid":"e56f1e7"}
[2016-05-06 18:02:34] gamerecommend.INFO: gamerecommend '/' route [] {"uid":"763e3ad"}
[2016-05-06 18:02:47] gamerecommend.INFO: gamerecommend '/' route [] {"uid":"e7d5fe5"}
[2016-05-06 18:03:23] gamerecommend.INFO: gamerecommend '/' route [] {"uid":"f33b0e8"}
[2016-05-06 18:03:47] gamerecommend.INFO: gamerecommend '/' route [] {"uid":"c843b4d"}
[2016-05-06 18:04:09] gamerecommend.INFO: gamerecommend '/' routeArray [] {"uid":"538fca9"}
[2016-05-06 18:04:39] gamerecommend.INFO: gamerecommend '/' route{"name":"sdsfs"} [] {"uid":"69356f3"}
[2016-05-06 18:05:22] gamerecommend.INFO: gamerecommend '/' route{"name":"sdsfs"} [] {"uid":"865085e"}
[2016-05-06 18:09:04] gamerecommend.INFO: gamerecommend '/' route{"name":"sdsfs"} [] {"uid":"dd4684e"}
[2016-05-06 18:09:23] gamerecommend.INFO: gamerecommend '/' route{"name":"sdsfs"} [] {"uid":"bbd62f8"}
[2016-05-06 18:09:26] gamerecommend.INFO: gamerecommend '/' route{"name":"sdsfs"} [] {"uid":"5d44389"}
[2016-05-06 18:09:36] gamerecommend.INFO: gamerecommend '/' route{"name":"sdsfs"} [] {"uid":"5172a75"}
[2016-05-06 18:11:43] gamerecommend.INFO: gamerecommend '/' route{"name":"sdsfs"} [] {"uid":"baa66c7"}
[2016-05-06 18:11:51] gamerecommend.INFO: gamerecommend '/' route{"name":"sdsfs"} [] {"uid":"bd73f2f"}
[2016-05-06 18:12:07] gamerecommend.INFO: gamerecommend '/' route{"name":"sdsfs"} [] {"uid":"1aad0ca"}
[2016-05-06 18:13:13] gamerecommend.INFO: gamerecommend '/' route [] {"uid":"60481bc"}
[2016-05-07 09:36:06] gamerecommend.INFO: gamerecommend '/' route [] {"uid":"8980b7e"}
[2016-05-08 16:02:17] gamerecommend.INFO: gamerecommend '/' route [] {"uid":"1f15e50"}
[2016-05-09 09:16:35] gamerecommend.INFO: gamerecommend '/' route [] {"uid":"558bca1"}
[2016-05-09 10:55:09] gamerecommend.INFO: gamerecommend '/' route [] {"uid":"6b4540c"}
[2016-05-09 10:55:09] gamerecommend.INFO: gamerecommend '/' route [] {"uid":"50dd91b"}
[2016-05-09 10:55:10] gamerecommend.INFO: gamerecommend '/' route [] {"uid":"2793fa1"}
[2016-05-09 10:55:10] gamerecommend.INFO: gamerecommend '/' route [] {"uid":"ccdc3ba"}
[2016-05-09 10:55:14] gamerecommend.INFO: gamerecommend '/' route [] {"uid":"921c999"}
[2016-05-09 10:55:14] gamerecommend.INFO: gamerecommend '/' route [] {"uid":"0a34d44"}
[2016-05-09 10:55:21] gamerecommend.INFO: gamerecommend '/' route [] {"uid":"de6092b"}
[2016-05-09 10:55:21] gamerecommend.INFO: gamerecommend '/' route [] {"uid":"98acb08"}
[2016-05-09 10:55:21] gamerecommend.INFO: gamerecommend '/' route [] {"uid":"9e0c229"}
[2016-05-09 10:55:25] gamerecommend.INFO: gamerecommend '/' route [] {"uid":"202c2bd"}
[2016-05-09 10:55:25] gamerecommend.INFO: gamerecommend '/' route [] {"uid":"8cc5e79"}
[2016-05-09 10:55:25] gamerecommend.INFO: gamerecommend '/' route [] {"uid":"61c90d6"}
[2016-05-09 10:55:29] gamerecommend.INFO: gamerecommend '/' route [] {"uid":"24640a7"}
[2016-05-09 10:55:30] gamerecommend.INFO: gamerecommend '/' route [] {"uid":"01c1fa7"}
[2016-05-09 10:55:30] gamerecommend.INFO: gamerecommend '/' route [] {"uid":"33b3676"}
[2016-05-09 10:59:38] gamerecommend.INFO: gamerecommend '/' route [] {"uid":"691d7fe"}
[2016-05-09 10:59:41] gamerecommend.INFO: gamerecommend '/' route [] {"uid":"524180e"}
[2016-05-09 10:59:42] gamerecommend.INFO: gamerecommend '/' route [] {"uid":"d1a12c7"}
[2016-05-09 10:59:42] gamerecommend.INFO: gamerecommend '/' route [] {"uid":"aad3a6b"}
[2016-05-09 11:24:52] gamerecommend.INFO: gamerecommend '/' route [] {"uid":"c188f7a"}
[2016-05-09 11:24:55] gamerecommend.INFO: gamerecommend '/' route [] {"uid":"4498ac8"}
[2016-05-09 11:26:07] gamerecommend.INFO: gamerecommend '/' route [] {"uid":"2c27d38"}
[2016-05-09 11:31:03] gamerecommend.INFO: gamerecommend '/' route [] {"uid":"f4c977f"}
[2016-05-09 11:34:50] gamerecommend.INFO: gamerecommend '/' route [] {"uid":"f909a59"}
[2016-05-09 11:36:53] gamerecommend.INFO: gamerecommend '/' route [] {"uid":"7e63593"}
[2016-05-09 11:37:13] gamerecommend.INFO: gamerecommend '/' route [] {"uid":"68fcb6a"}
[2016-05-09 11:37:51] gamerecommend.INFO: gamerecommend '/' route [] {"uid":"e193ffb"}
[2016-05-09 11:39:36] gamerecommend.INFO: gamerecommend '/' route [] {"uid":"0123ae2"}
[2016-05-09 11:39:46] gamerecommend.INFO: gamerecommend '/' route [] {"uid":"82483d9"}
[2016-05-09 11:40:15] gamerecommend.INFO: gamerecommend '/' route [] {"uid":"724c0ee"}
[2016-05-09 11:44:18] gamerecommend.INFO: gamerecommend '/' route [] {"uid":"ecf24c6"}
[2016-05-09 11:45:36] gamerecommend.INFO: gamerecommend '/' route [] {"uid":"1030a4c"}
[2016-05-09 11:46:32] gamerecommend.INFO: gamerecommend '/' route [] {"uid":"01433fd"}
[2016-05-09 11:47:20] gamerecommend.INFO: gamerecommend '/' route [] {"uid":"6375376"}
[2016-05-09 11:47:22] gamerecommend.INFO: gamerecommend '/' route [] {"uid":"37f5b42"}
[2016-05-09 11:48:22] gamerecommend.INFO: gamerecommend '/' route [] {"uid":"04b6bdc"}
[2016-05-09 11:50:06] gamerecommend.INFO: gamerecommend '/' route [] {"uid":"1800dce"}
[2016-05-09 11:52:50] gamerecommend.INFO: gamerecommend '/' route [] {"uid":"f0ba9f7"}
[2016-05-09 11:54:01] gamerecommend.INFO: gamerecommend '/' route [] {"uid":"e2ad58a"}
[2016-05-09 11:54:02] gamerecommend.INFO: gamerecommend '/' route [] {"uid":"5c80110"}
[2016-05-09 11:57:15] gamerecommend.INFO: gamerecommend '/' route [] {"uid":"1644381"}
[2016-05-09 11:57:29] gamerecommend.INFO: gamerecommend '/' route [] {"uid":"1244dfe"}
[2016-05-09 11:59:34] gamerecommend.INFO: gamerecommend '/' route [] {"uid":"2440849"}
[2016-05-09 12:01:55] gamerecommend.INFO: gamerecommend '/' route [] {"uid":"81235b3"}
[2016-05-09 12:01:57] gamerecommend.INFO: gamerecommend '/' route [] {"uid":"3aff14f"}
[2016-05-09 12:03:05] gamerecommend.INFO: gamerecommend '/' route [] {"uid":"805f23d"}
[2016-05-09 12:03:07] gamerecommend.INFO: gamerecommend '/' route [] {"uid":"300b1a6"}
[2016-05-09 12:03:19] gamerecommend.INFO: gamerecommend '/' route [] {"uid":"8b561bd"}
[2016-05-09 12:03:33] gamerecommend.INFO: gamerecommend '/' route [] {"uid":"81ab03d"}
[2016-05-09 12:03:47] gamerecommend.INFO: gamerecommend '/' route [] {"uid":"01b9584"}
[2016-05-09 12:03:58] gamerecommend.INFO: gamerecommend '/' route [] {"uid":"b1f2cde"}
[2016-05-09 12:07:50] gamerecommend.INFO: gamerecommend '/' route [] {"uid":"dee7940"}
[2016-05-09 12:07:50] gamerecommend.INFO: gamerecommend '/' route [] {"uid":"fa66ec2"}
[2016-05-09 14:35:06] gamerecommend.INFO: gamerecommend '/' route [] {"uid":"bdc4c38"}
[2016-05-09 14:35:07] gamerecommend.INFO: gamerecommend '/' route [] {"uid":"e5f4521"}
[2016-05-09 14:35:07] gamerecommend.INFO: gamerecommend '/' route [] {"uid":"440f406"}
[2016-05-09 14:35:13] gamerecommend.INFO: gamerecommend '/' route [] {"uid":"2a28705"}
[2016-05-09 14:35:13] gamerecommend.INFO: gamerecommend '/' route [] {"uid":"065e39a"}
[2016-05-09 14:35:14] gamerecommend.INFO: gamerecommend '/' route [] {"uid":"00b0541"}
[2016-05-09 14:36:22] gamerecommend.INFO: gamerecommend '/' route [] {"uid":"1c90d48"}
